TN:
SF:./src/app/service/monitor/widget/ReportGrid.js
FN:32,(anonymous_1)
FN:64,(anonymous_2)
FN:89,(anonymous_3)
FN:123,(anonymous_4)
FN:195,(anonymous_5)
FN:235,(anonymous_6)
FN:286,(anonymous_7)
FN:319,(anonymous_8)
FN:334,(anonymous_9)
FN:352,(anonymous_10)
FN:361,(anonymous_11)
FN:382,(anonymous_12)
FNF:12
FNH:5
FNDA:1,(anonymous_1)
FNDA:0,(anonymous_2)
FNDA:0,(anonymous_3)
FNDA:0,(anonymous_4)
FNDA:1,(anonymous_5)
FNDA:1,(anonymous_6)
FNDA:0,(anonymous_7)
FNDA:1,(anonymous_8)
FNDA:1,(anonymous_9)
FNDA:0,(anonymous_10)
FNDA:0,(anonymous_11)
FNDA:0,(anonymous_12)
DA:16,1
DA:34,1
DA:65,0
DA:66,0
DA:68,0
DA:70,0
DA:71,0
DA:73,0
DA:75,0
DA:76,0
DA:90,0
DA:95,0
DA:96,0
DA:97,0
DA:100,0
DA:104,0
DA:106,0
DA:107,0
DA:108,0
DA:110,0
DA:111,0
DA:112,0
DA:124,0
DA:125,0
DA:127,0
DA:129,0
DA:132,0
DA:137,0
DA:138,0
DA:139,0
DA:142,0
DA:144,0
DA:145,0
DA:146,0
DA:147,0
DA:148,0
DA:149,0
DA:151,0
DA:152,0
DA:153,0
DA:156,0
DA:157,0
DA:159,0
DA:161,0
DA:162,0
DA:163,0
DA:165,0
DA:166,0
DA:167,0
DA:169,0
DA:170,0
DA:171,0
DA:173,0
DA:174,0
DA:175,0
DA:177,0
DA:178,0
DA:179,0
DA:181,0
DA:182,0
DA:183,0
DA:197,1
DA:198,1
DA:199,0
DA:209,1
DA:219,1
DA:222,1
DA:225,1
DA:227,1
DA:237,1
DA:238,1
DA:239,17
DA:240,17
DA:241,17
DA:242,17
DA:247,17
DA:248,8
DA:250,17
DA:251,0
DA:253,17
DA:254,13
DA:256,17
DA:257,17
DA:260,17
DA:265,1
DA:272,1
DA:278,1
DA:288,0
DA:295,0
DA:301,0
DA:307,0
DA:320,1
DA:321,1
DA:322,1
DA:323,1
DA:335,1
DA:339,1
DA:353,0
DA:357,0
DA:362,0
DA:363,0
DA:364,0
DA:365,0
DA:366,0
DA:367,0
DA:368,0
DA:370,0
DA:383,0
DA:384,0
DA:385,0
DA:386,0
DA:387,0
DA:388,0
DA:390,0
DA:391,0
DA:393,0
DA:394,0
DA:395,0
DA:397,0
DA:398,0
DA:400,0
DA:401,0
DA:403,0
DA:404,0
LF:124
LH:32
BRDA:65,1,0,0
BRDA:65,1,1,0
BRDA:70,2,0,0
BRDA:70,2,1,0
BRDA:75,3,0,0
BRDA:75,3,1,0
BRDA:75,4,0,0
BRDA:75,4,1,0
BRDA:95,5,0,0
BRDA:95,5,1,0
BRDA:100,6,0,0
BRDA:100,6,1,0
BRDA:100,6,2,0
BRDA:124,7,0,0
BRDA:124,7,1,0
BRDA:125,8,0,0
BRDA:125,8,1,0
BRDA:137,9,0,0
BRDA:137,9,1,0
BRDA:142,10,0,0
BRDA:142,10,1,0
BRDA:142,10,2,0
BRDA:142,10,3,0
BRDA:142,10,4,0
BRDA:142,10,5,0
BRDA:142,10,6,0
BRDA:144,11,0,0
BRDA:144,11,1,0
BRDA:145,12,0,0
BRDA:145,12,1,0
BRDA:198,13,0,0
BRDA:198,13,1,1
BRDA:240,14,0,17
BRDA:240,14,1,0
BRDA:241,15,0,16
BRDA:241,15,1,1
BRDA:247,16,0,8
BRDA:247,16,1,9
BRDA:250,17,0,0
BRDA:250,17,1,17
BRDA:253,18,0,13
BRDA:253,18,1,4
BRDA:256,19,0,17
BRDA:256,19,1,0
BRDA:364,20,0,0
BRDA:364,20,1,0
BRDA:365,21,0,0
BRDA:365,21,1,0
BRDA:386,22,0,0
BRDA:386,22,1,0
BRDA:394,23,0,0
BRDA:394,23,1,0
BRDA:395,24,0,0
BRDA:395,24,1,0
BRDA:395,24,2,0
BRF:55
BRH:10
end_of_record
